<?xml version="1.0" encoding="UTF-8"?>
<!-- Generated by org.testng.reporters.JUnitReportReporter -->
<testsuite skipped="0" hostname="Milton" name="test.SearchAndPrint" tests="2" failures="0" timestamp="03 dez 2017 23:57:10 GMT" time="24.175" errors="0">
  <testcase name="takesScreenShot" time="13.355" classname="test.SearchAndPrint"/>
  <testcase name="searchProductsAndPrintFiveFirst" time="10.820" classname="test.SearchAndPrint"/>
</testsuite> <!-- test.SearchAndPrint -->
